VideoForKids/build/outputs/logs/manifest-merger-debug-report.txt
-- Merging decision tree log ---
manifest
ADDED from VideoForKids_AndroidStudio\VideoForKids\AndroidManifest.xml:2:1-42:12
	package
		ADDED from VideoForKids_AndroidStudio\VideoForKids\AndroidManifest.xml:3:5-38
	android:versionName
		ADDED from VideoForKids_AndroidStudio\VideoForKids\AndroidManifest.xml:5:5-31
	android:versionCode
		ADDED from VideoForKids_AndroidStudio\VideoForKids\AndroidManifest.xml:4:5-29
		INJECTED from VideoForKids_AndroidStudio\VideoForKids\AndroidManifest.xml
		INJECTED from VideoForKids_AndroidStudio\VideoForKids\AndroidManifest.xml
	xmlns:android
		ADDED from VideoForKids_AndroidStudio\VideoForKids\AndroidManifest.xml:2:11-69
uses-sdk
ADDED from VideoForKids_AndroidStudio\VideoForKids\AndroidManifest.xml:7:5-9:41
MERGED from [VideoForKids_AndroidStudio:android-support-v7-appcompat:unspecified] AndroidManifest.xml:20:5-43
MERGED from [VideoForKids_AndroidStudio:AndroidProgressHUD:unspecified] AndroidManifest.xml:7:5-43
MERGED from [VideoForKids_AndroidStudio:Subtitles-support:unspecified] AndroidManifest.xml:7:5-9:41
MERGED from [VideoForKids_AndroidStudio:SwitchButton:unspecified] AndroidManifest.xml:7:5-9:41
MERGED from [VideoForKids_AndroidStudio:library:unspecified] AndroidManifest.xml:7:5-9:41
	android:targetSdkVersion
		ADDED from VideoForKids_AndroidStudio\VideoForKids\AndroidManifest.xml:9:9-38
	android:minSdkVersion
		ADDED from VideoForKids_AndroidStudio\VideoForKids\AndroidManifest.xml:8:9-34
uses-permission#android.permission.INTERNET
ADDED from VideoForKids_AndroidStudio\VideoForKids\AndroidManifest.xml:11:5-67
MERGED from [VideoForKids_AndroidStudio:Subtitles-support:unspecified] AndroidManifest.xml:11:5-67
	android:name
		ADDED from VideoForKids_AndroidStudio\VideoForKids\AndroidManifest.xml:11:22-64
uses-permission#android.permission.ACCESS_NETWORK_STATE
ADDED from VideoForKids_AndroidStudio\VideoForKids\AndroidManifest.xml:12:5-79
	android:name
		ADDED from VideoForKids_AndroidStudio\VideoForKids\AndroidManifest.xml:12:22-76
uses-permission#com.android.vending.BILLING
ADDED from VideoForKids_AndroidStudio\VideoForKids\AndroidManifest.xml:13:5-67
MERGED from [VideoForKids_AndroidStudio:library:unspecified] AndroidManifest.xml:11:5-67
	android:name
		ADDED from VideoForKids_AndroidStudio\VideoForKids\AndroidManifest.xml:13:22-64
application
ADDED from VideoForKids_AndroidStudio\VideoForKids\AndroidManifest.xml:15:5-40:19
MERGED from [VideoForKids_AndroidStudio:android-support-v7-appcompat:unspecified] AndroidManifest.xml:22:5-20
MERGED from [VideoForKids_AndroidStudio:AndroidProgressHUD:unspecified] AndroidManifest.xml:9:5-16:19
MERGED from [VideoForKids_AndroidStudio:Subtitles-support:unspecified] AndroidManifest.xml:15:5-24:19
MERGED from [VideoForKids_AndroidStudio:SwitchButton:unspecified] AndroidManifest.xml:11:5-16:19
MERGED from [VideoForKids_AndroidStudio:library:unspecified] AndroidManifest.xml:13:5-20
	android:label
		ADDED from VideoForKids_AndroidStudio\VideoForKids\AndroidManifest.xml:18:9-41
	android:allowBackup
		ADDED from VideoForKids_AndroidStudio\VideoForKids\AndroidManifest.xml:16:9-35
	android:icon
		ADDED from VideoForKids_AndroidStudio\VideoForKids\AndroidManifest.xml:17:9-45
	android:largeHeap
		ADDED from VideoForKids_AndroidStudio\VideoForKids\AndroidManifest.xml:20:9-33
	android:theme
		ADDED from VideoForKids_AndroidStudio\VideoForKids\AndroidManifest.xml:19:9-40
activity#com.cantecegradinita.ro.MainActivity
ADDED from VideoForKids_AndroidStudio\VideoForKids\AndroidManifest.xml:21:9-31:20
	android:screenOrientation
		ADDED from VideoForKids_AndroidStudio\VideoForKids\AndroidManifest.xml:25:13-50
	android:windowSoftInputMode
		ADDED from VideoForKids_AndroidStudio\VideoForKids\AndroidManifest.xml:23:13-60
	android:theme
		ADDED from VideoForKids_AndroidStudio\VideoForKids\AndroidManifest.xml:24:13-77
	android:name
		ADDED from VideoForKids_AndroidStudio\VideoForKids\AndroidManifest.xml:22:13-41
intent-filter#android.intent.action.MAIN+android.intent.category.LAUNCHER
ADDED from VideoForKids_AndroidStudio\VideoForKids\AndroidManifest.xml:26:13-30:29
action#android.intent.action.MAIN
ADDED from VideoForKids_AndroidStudio\VideoForKids\AndroidManifest.xml:27:17-69
	android:name
		ADDED from VideoForKids_AndroidStudio\VideoForKids\AndroidManifest.xml:27:25-66
category#android.intent.category.LAUNCHER
ADDED from VideoForKids_AndroidStudio\VideoForKids\AndroidManifest.xml:29:17-77
	android:name
		ADDED from VideoForKids_AndroidStudio\VideoForKids\AndroidManifest.xml:29:27-74
activity#com.cantecegradinita.ro.SettingActivity
ADDED from VideoForKids_AndroidStudio\VideoForKids\AndroidManifest.xml:32:9-35:62
	android:screenOrientation
		ADDED from VideoForKids_AndroidStudio\VideoForKids\AndroidManifest.xml:35:13-50
	android:theme
		ADDED from VideoForKids_AndroidStudio\VideoForKids\AndroidManifest.xml:34:13-77
	android:name
		ADDED from VideoForKids_AndroidStudio\VideoForKids\AndroidManifest.xml:33:13-43
activity#com.cantecegradinita.ro.PlayerActivity
ADDED from VideoForKids_AndroidStudio\VideoForKids\AndroidManifest.xml:36:9-39:62
	android:screenOrientation
		ADDED from VideoForKids_AndroidStudio\VideoForKids\AndroidManifest.xml:39:13-50
	android:theme
		ADDED from VideoForKids_AndroidStudio\VideoForKids\AndroidManifest.xml:38:13-77
	android:name
		ADDED from VideoForKids_AndroidStudio\VideoForKids\AndroidManifest.xml:37:13-42
activity#com.walnutlabs.android.ProgressHUDDemo
ADDED from [VideoForKids_AndroidStudio:AndroidProgressHUD:unspecified] AndroidManifest.xml:12:9-15:20
	android:label
		ADDED from [VideoForKids_AndroidStudio:AndroidProgressHUD:unspecified] AndroidManifest.xml:14:13-45
	android:name
		ADDED from [VideoForKids_AndroidStudio:AndroidProgressHUD:unspecified] AndroidManifest.xml:13:13-66
uses-permission#android.permission.READ_EXTERNAL_STORAGE
ADDED from [VideoForKids_AndroidStudio:Subtitles-support:unspecified] AndroidManifest.xml:12:5-80
	android:name
		ADDED from [VideoForKids_AndroidStudio:Subtitles-support:unspecified] AndroidManifest.xml:12:22-77
uses-permission#android.permission.WRITE_EXTERNAL_STORAGE
ADDED from [VideoForKids_AndroidStudio:Subtitles-support:unspecified] AndroidManifest.xml:13:5-81
	android:name
		ADDED from [VideoForKids_AndroidStudio:Subtitles-support:unspecified] AndroidManifest.xml:13:22-78
activity#com.sri.subtitlessupport.PlayerActivity
ADDED from [VideoForKids_AndroidStudio:Subtitles-support:unspecified] AndroidManifest.xml:19:9-23:20
	android:screenOrientation
		ADDED from [VideoForKids_AndroidStudio:Subtitles-support:unspecified] AndroidManifest.xml:22:13-50
	android:label
		ADDED from [VideoForKids_AndroidStudio:Subtitles-support:unspecified] AndroidManifest.xml:21:13-45
	android:name
		ADDED from [VideoForKids_AndroidStudio:Subtitles-support:unspecified] AndroidManifest.xml:20:13-67